{"/Users/miasiner/Desktop/Secret-Gitler/frontend/src/api/axiosInstance.ts": {"path":"/Users/miasiner/Desktop/Secret-Gitler/frontend/src/api/axiosInstance.ts","statementMap":{"0":{"start":{"line":1,"column":0},"end":{"line":1,"column":26}},"1":{"start":{"line":3,"column":22},"end":{"line":6,"column":2}},"2":{"start":{"line":8,"column":0},"end":{"line":8,"column":29}}},"fnMap":{},"branchMap":{},"s":{"0":1,"1":1,"2":1},"f":{},"b":{}}
,"/Users/miasiner/Desktop/Secret-Gitler/frontend/src/components/DeckActions/CardDrawing.tsx": {"path":"/Users/miasiner/Desktop/Secret-Gitler/frontend/src/components/DeckActions/CardDrawing.tsx","statementMap":{"0":{"start":{"line":1,"column":0},"end":{"line":1,"column":51}},"1":{"start":{"line":2,"column":0},"end":{"line":2,"column":67}},"2":{"start":{"line":3,"column":0},"end":{"line":3,"column":67}},"3":{"start":{"line":4,"column":0},"end":{"line":4,"column":62}},"4":{"start":{"line":5,"column":0},"end":{"line":5,"column":55}},"5":{"start":{"line":7,"column":0},"end":{"line":7,"column":59}},"6":{"start":{"line":8,"column":0},"end":{"line":8,"column":52}},"7":{"start":{"line":9,"column":0},"end":{"line":9,"column":57}},"8":{"start":{"line":10,"column":0},"end":{"line":10,"column":52}},"9":{"start":{"line":21,"column":48},"end":{"line":115,"column":1}},"10":{"start":{"line":22,"column":49},"end":{"line":22,"column":69}},"11":{"start":{"line":23,"column":46},"end":{"line":23,"column":60}},"12":{"start":{"line":24,"column":19},"end":{"line":24,"column":32}},"13":{"start":{"line":25,"column":24},"end":{"line":25,"column":75}},"14":{"start":{"line":25,"column":50},"end":{"line":25,"column":74}},"15":{"start":{"line":26,"column":23},"end":{"line":27,"column":null}},"16":{"start":{"line":27,"column":26},"end":{"line":27,"column":49}},"17":{"start":{"line":30,"column":29},"end":{"line":49,"column":3}},"18":{"start":{"line":31,"column":4},"end":{"line":48,"column":7}},"19":{"start":{"line":33,"column":6},"end":{"line":43,"column":null}},"20":{"start":{"line":35,"column":10},"end":{"line":35,"column":37}},"21":{"start":{"line":36,"column":10},"end":{"line":36,"column":16}},"22":{"start":{"line":38,"column":10},"end":{"line":38,"column":37}},"23":{"start":{"line":39,"column":10},"end":{"line":39,"column":16}},"24":{"start":{"line":41,"column":10},"end":{"line":41,"column":30}},"25":{"start":{"line":42,"column":10},"end":{"line":42,"column":16}},"26":{"start":{"line":44,"column":6},"end":{"line":47,"column":8}},"27":{"start":{"line":51,"column":2},"end":{"line":54,"column":21}},"28":{"start":{"line":52,"column":4},"end":{"line":52,"column":28}},"29":{"start":{"line":53,"column":4},"end":{"line":53,"column":30}},"30":{"start":{"line":56,"column":2},"end":{"line":81,"column":9}},"31":{"start":{"line":57,"column":19},"end":{"line":57,"column":55}},"32":{"start":{"line":59,"column":4},"end":{"line":76,"column":6}},"33":{"start":{"line":60,"column":22},"end":{"line":60,"column":44}},"34":{"start":{"line":61,"column":6},"end":{"line":75,"column":null}},"35":{"start":{"line":62,"column":8},"end":{"line":74,"column":null}},"36":{"start":{"line":63,"column":10},"end":{"line":63,"column":43}},"37":{"start":{"line":64,"column":27},"end":{"line":64,"column":70}},"38":{"start":{"line":65,"column":10},"end":{"line":65,"column":32}},"39":{"start":{"line":66,"column":10},"end":{"line":70,"column":null}},"40":{"start":{"line":67,"column":12},"end":{"line":67,"column":73}},"41":{"start":{"line":69,"column":12},"end":{"line":69,"column":44}},"42":{"start":{"line":71,"column":10},"end":{"line":71,"column":35}},"43":{"start":{"line":72,"column":27},"end":{"line":72,"column":69}},"44":{"start":{"line":73,"column":10},"end":{"line":73,"column":77}},"45":{"start":{"line":78,"column":4},"end":{"line":80,"column":6}},"46":{"start":{"line":79,"column":6},"end":{"line":79,"column":21}},"47":{"start":{"line":83,"column":26},"end":{"line":100,"column":3}},"48":{"start":{"line":84,"column":4},"end":{"line":99,"column":null}},"49":{"start":{"line":85,"column":23},"end":{"line":85,"column":66}},"50":{"start":{"line":86,"column":6},"end":{"line":98,"column":null}},"51":{"start":{"line":87,"column":8},"end":{"line":97,"column":null}},"52":{"start":{"line":88,"column":30},"end":{"line":88,"column":74}},"53":{"start":{"line":89,"column":10},"end":{"line":89,"column":65}},"54":{"start":{"line":90,"column":10},"end":{"line":96,"column":null}},"55":{"start":{"line":91,"column":12},"end":{"line":91,"column":62}},"56":{"start":{"line":92,"column":12},"end":{"line":92,"column":37}},"57":{"start":{"line":93,"column":12},"end":{"line":95,"column":15}},"58":{"start":{"line":102,"column":2},"end":{"line":114,"column":4}},"59":{"start":{"line":106,"column":10},"end":{"line":106,"column":30}},"60":{"start":{"line":106,"column":45},"end":{"line":106,"column":67}},"61":{"start":{"line":117,"column":0},"end":{"line":117,"column":27}}},"fnMap":{"0":{"name":"(anonymous_1)","decl":{"start":{"line":21,"column":48},"end":{"line":21,"column":49}},"loc":{"start":{"line":21,"column":73},"end":{"line":115,"column":1}}},"1":{"name":"(anonymous_2)","decl":{"start":{"line":25,"column":39},"end":{"line":25,"column":40}},"loc":{"start":{"line":25,"column":50},"end":{"line":25,"column":74}}},"2":{"name":"(anonymous_3)","decl":{"start":{"line":27,"column":4},"end":{"line":27,"column":5}},"loc":{"start":{"line":27,"column":26},"end":{"line":27,"column":49}}},"3":{"name":"(anonymous_4)","decl":{"start":{"line":30,"column":29},"end":{"line":30,"column":30}},"loc":{"start":{"line":30,"column":56},"end":{"line":49,"column":3}}},"4":{"name":"(anonymous_5)","decl":{"start":{"line":31,"column":20},"end":{"line":31,"column":21}},"loc":{"start":{"line":31,"column":29},"end":{"line":48,"column":5}}},"5":{"name":"(anonymous_6)","decl":{"start":{"line":51,"column":12},"end":{"line":51,"column":15}},"loc":{"start":{"line":51,"column":17},"end":{"line":54,"column":3}}},"6":{"name":"(anonymous_7)","decl":{"start":{"line":56,"column":12},"end":{"line":56,"column":15}},"loc":{"start":{"line":56,"column":17},"end":{"line":81,"column":3}}},"7":{"name":"(anonymous_8)","decl":{"start":{"line":59,"column":23},"end":{"line":59,"column":28}},"loc":{"start":{"line":59,"column":39},"end":{"line":76,"column":5}}},"8":{"name":"(anonymous_9)","decl":{"start":{"line":78,"column":11},"end":{"line":78,"column":14}},"loc":{"start":{"line":78,"column":16},"end":{"line":80,"column":5}}},"9":{"name":"(anonymous_10)","decl":{"start":{"line":83,"column":26},"end":{"line":83,"column":31}},"loc":{"start":{"line":83,"column":50},"end":{"line":100,"column":3}}},"10":{"name":"(anonymous_11)","decl":{"start":{"line":105,"column":46},"end":{"line":105,"column":47}},"loc":{"start":{"line":106,"column":10},"end":{"line":106,"column":30}}},"11":{"name":"(anonymous_12)","decl":{"start":{"line":106,"column":39},"end":{"line":106,"column":42}},"loc":{"start":{"line":106,"column":45},"end":{"line":106,"column":67}}}},"branchMap":{"0":{"loc":{"start":{"line":33,"column":6},"end":{"line":43,"column":null}},"type":"switch","locations":[{"start":{"line":34,"column":8},"end":{"line":36,"column":16}},{"start":{"line":37,"column":8},"end":{"line":39,"column":16}},{"start":{"line":40,"column":8},"end":{"line":42,"column":16}}]},"1":{"loc":{"start":{"line":61,"column":6},"end":{"line":75,"column":null}},"type":"if","locations":[{"start":{"line":61,"column":6},"end":{"line":75,"column":null}}]},"2":{"loc":{"start":{"line":62,"column":8},"end":{"line":74,"column":null}},"type":"if","locations":[{"start":{"line":62,"column":8},"end":{"line":74,"column":null}}]},"3":{"loc":{"start":{"line":66,"column":10},"end":{"line":70,"column":null}},"type":"if","locations":[{"start":{"line":66,"column":10},"end":{"line":70,"column":null}},{"start":{"line":68,"column":17},"end":{"line":70,"column":null}}]},"4":{"loc":{"start":{"line":84,"column":4},"end":{"line":99,"column":null}},"type":"if","locations":[{"start":{"line":84,"column":4},"end":{"line":99,"column":null}}]},"5":{"loc":{"start":{"line":86,"column":6},"end":{"line":98,"column":null}},"type":"if","locations":[{"start":{"line":86,"column":6},"end":{"line":98,"column":null}}]},"6":{"loc":{"start":{"line":87,"column":8},"end":{"line":97,"column":null}},"type":"if","locations":[{"start":{"line":87,"column":8},"end":{"line":97,"column":null}}]},"7":{"loc":{"start":{"line":87,"column":12},"end":{"line":87,"column":54}},"type":"binary-expr","locations":[{"start":{"line":87,"column":12},"end":{"line":87,"column":26}},{"start":{"line":87,"column":30},"end":{"line":87,"column":54}}]},"8":{"loc":{"start":{"line":90,"column":10},"end":{"line":96,"column":null}},"type":"if","locations":[{"start":{"line":90,"column":10},"end":{"line":96,"column":null}}]},"9":{"loc":{"start":{"line":107,"column":13},"end":{"line":108,"column":null}},"type":"binary-expr","locations":[{"start":{"line":107,"column":13},"end":{"line":107,"column":27}},{"start":{"line":108,"column":14},"end":{"line":108,"column":70}}]}},"s":{"0":1,"1":1,"2":1,"3":1,"4":1,"5":1,"6":1,"7":1,"8":1,"9":1,"10":5,"11":5,"12":5,"13":5,"14":7,"15":5,"16":7,"17":5,"18":5,"19":15,"20":5,"21":5,"22":5,"23":5,"24":5,"25":5,"26":15,"27":5,"28":2,"29":2,"30":5,"31":2,"32":2,"33":0,"34":0,"35":0,"36":0,"37":0,"38":0,"39":0,"40":0,"41":0,"42":0,"43":0,"44":0,"45":2,"46":2,"47":5,"48":0,"49":0,"50":0,"51":0,"52":0,"53":0,"54":0,"55":0,"56":0,"57":0,"58":5,"59":15,"60":0,"61":1},"f":{"0":5,"1":7,"2":7,"3":5,"4":15,"5":2,"6":2,"7":0,"8":2,"9":0,"10":15,"11":0},"b":{"0":[5,5,5],"1":[0],"2":[0],"3":[0,0],"4":[0],"5":[0],"6":[0],"7":[0,0],"8":[0],"9":[15,15]}}
,"/Users/miasiner/Desktop/Secret-Gitler/frontend/src/components/GameBoards/LiberalBoard.tsx": {"path":"/Users/miasiner/Desktop/Secret-Gitler/frontend/src/components/GameBoards/LiberalBoard.tsx","statementMap":{"0":{"start":{"line":2,"column":0},"end":{"line":2,"column":42}},"1":{"start":{"line":4,"column":0},"end":{"line":4,"column":54}},"2":{"start":{"line":13,"column":18},"end":{"line":13,"column":19}},"3":{"start":{"line":15,"column":20},"end":{"line":15,"column":21}},"4":{"start":{"line":16,"column":16},"end":{"line":16,"column":18}},"5":{"start":{"line":18,"column":20},"end":{"line":18,"column":23}},"6":{"start":{"line":19,"column":21},"end":{"line":19,"column":46}},"7":{"start":{"line":20,"column":19},"end":{"line":20,"column":58}},"8":{"start":{"line":21,"column":20},"end":{"line":21,"column":32}},"9":{"start":{"line":23,"column":51},"end":{"line":82,"column":1}},"10":{"start":{"line":24,"column":19},"end":{"line":25,"column":null}},"11":{"start":{"line":25,"column":26},"end":{"line":25,"column":53}},"12":{"start":{"line":28,"column":2},"end":{"line":81,"column":4}},"13":{"start":{"line":59,"column":12},"end":{"line":60,"column":null}},"14":{"start":{"line":84,"column":0},"end":{"line":84,"column":32}}},"fnMap":{"0":{"name":"(anonymous_1)","decl":{"start":{"line":23,"column":51},"end":{"line":23,"column":52}},"loc":{"start":{"line":23,"column":58},"end":{"line":82,"column":1}}},"1":{"name":"(anonymous_2)","decl":{"start":{"line":25,"column":4},"end":{"line":25,"column":5}},"loc":{"start":{"line":25,"column":26},"end":{"line":25,"column":53}}},"2":{"name":"(anonymous_3)","decl":{"start":{"line":58,"column":24},"end":{"line":58,"column":25}},"loc":{"start":{"line":59,"column":12},"end":{"line":60,"column":null}}}},"branchMap":{},"s":{"0":1,"1":1,"2":1,"3":1,"4":1,"5":1,"6":1,"7":1,"8":1,"9":1,"10":7,"11":14,"12":7,"13":13,"14":1},"f":{"0":7,"1":14,"2":13},"b":{}}
,"/Users/miasiner/Desktop/Secret-Gitler/frontend/src/hooks/redux-hooks.ts": {"path":"/Users/miasiner/Desktop/Secret-Gitler/frontend/src/hooks/redux-hooks.ts","statementMap":{"0":{"start":{"line":1,"column":0},"end":{"line":1,"column":55}},"1":{"start":{"line":5,"column":13},"end":{"line":5,"column":61}},"2":{"start":{"line":6,"column":13},"end":{"line":6,"column":75}}},"fnMap":{},"branchMap":{},"s":{"0":1,"1":1,"2":1},"f":{},"b":{}}
,"/Users/miasiner/Desktop/Secret-Gitler/frontend/src/slices/deckSlice.ts": {"path":"/Users/miasiner/Desktop/Secret-Gitler/frontend/src/slices/deckSlice.ts","statementMap":{"0":{"start":{"line":1,"column":0},"end":{"line":1,"column":62}},"1":{"start":{"line":11,"column":32},"end":{"line":17,"column":2}},"2":{"start":{"line":19,"column":18},"end":{"line":36,"column":2}},"3":{"start":{"line":24,"column":6},"end":{"line":24,"column":42}},"4":{"start":{"line":27,"column":8},"end":{"line":27,"column":46}},"5":{"start":{"line":30,"column":8},"end":{"line":30,"column":46}},"6":{"start":{"line":33,"column":8},"end":{"line":33,"column":39}},"7":{"start":{"line":38,"column":13},"end":{"line":38,"column":82}},"8":{"start":{"line":40,"column":0},"end":{"line":40,"column":33}}},"fnMap":{"0":{"name":"(anonymous_0)","decl":{"start":{"line":23,"column":4},"end":{"line":23,"column":19}},"loc":{"start":{"line":23,"column":58},"end":{"line":25,"column":5}}},"1":{"name":"(anonymous_1)","decl":{"start":{"line":26,"column":4},"end":{"line":26,"column":21}},"loc":{"start":{"line":26,"column":58},"end":{"line":28,"column":7}}},"2":{"name":"(anonymous_2)","decl":{"start":{"line":29,"column":4},"end":{"line":29,"column":21}},"loc":{"start":{"line":29,"column":58},"end":{"line":31,"column":7}}},"3":{"name":"(anonymous_3)","decl":{"start":{"line":32,"column":6},"end":{"line":32,"column":13}},"loc":{"start":{"line":32,"column":51},"end":{"line":34,"column":7}}}},"branchMap":{},"s":{"0":1,"1":1,"2":1,"3":0,"4":0,"5":0,"6":0,"7":1,"8":1},"f":{"0":0,"1":0,"2":0,"3":0},"b":{}}
,"/Users/miasiner/Desktop/Secret-Gitler/frontend/src/testing/_mocking_/fileMock.ts": {"path":"/Users/miasiner/Desktop/Secret-Gitler/frontend/src/testing/_mocking_/fileMock.ts","statementMap":{"0":{"start":{"line":1,"column":0},"end":{"line":1,"column":32}}},"fnMap":{},"branchMap":{},"s":{"0":2},"f":{},"b":{}}
}
