TN:
SF:src/api/axiosInstance.ts
FNF:0
FNH:0
DA:1,1
DA:3,1
DA:8,1
LF:3
LH:3
BRF:0
BRH:0
end_of_record
TN:
SF:src/components/DeckActions/CardDrawing.tsx
FN:21,(anonymous_1)
FN:25,(anonymous_2)
FN:27,(anonymous_3)
FN:30,(anonymous_4)
FN:31,(anonymous_5)
FN:51,(anonymous_6)
FN:56,(anonymous_7)
FN:59,(anonymous_8)
FN:78,(anonymous_9)
FN:83,(anonymous_10)
FN:105,(anonymous_11)
FN:106,(anonymous_12)
FNF:12
FNH:9
FNDA:5,(anonymous_1)
FNDA:7,(anonymous_2)
FNDA:7,(anonymous_3)
FNDA:5,(anonymous_4)
FNDA:15,(anonymous_5)
FNDA:2,(anonymous_6)
FNDA:2,(anonymous_7)
FNDA:0,(anonymous_8)
FNDA:2,(anonymous_9)
FNDA:0,(anonymous_10)
FNDA:15,(anonymous_11)
FNDA:0,(anonymous_12)
DA:1,1
DA:2,1
DA:3,1
DA:4,1
DA:5,1
DA:7,1
DA:8,1
DA:9,1
DA:10,1
DA:21,1
DA:22,5
DA:23,5
DA:24,5
DA:25,7
DA:26,5
DA:27,7
DA:30,5
DA:31,5
DA:33,15
DA:35,5
DA:36,5
DA:38,5
DA:39,5
DA:41,5
DA:42,5
DA:44,15
DA:51,5
DA:52,2
DA:53,2
DA:56,5
DA:57,2
DA:59,2
DA:60,0
DA:61,0
DA:62,0
DA:63,0
DA:64,0
DA:65,0
DA:66,0
DA:67,0
DA:69,0
DA:71,0
DA:72,0
DA:73,0
DA:78,2
DA:79,2
DA:83,5
DA:84,0
DA:85,0
DA:86,0
DA:87,0
DA:88,0
DA:89,0
DA:90,0
DA:91,0
DA:92,0
DA:93,0
DA:102,5
DA:106,15
DA:117,1
LF:60
LH:38
BRDA:33,0,0,5
BRDA:33,0,1,5
BRDA:33,0,2,5
BRDA:61,1,0,0
BRDA:62,2,0,0
BRDA:66,3,0,0
BRDA:66,3,1,0
BRDA:84,4,0,0
BRDA:86,5,0,0
BRDA:87,6,0,0
BRDA:87,7,0,0
BRDA:87,7,1,0
BRDA:90,8,0,0
BRDA:107,9,0,15
BRDA:107,9,1,15
BRF:15
BRH:5
end_of_record
TN:
SF:src/components/GameBoards/LiberalBoard.tsx
FN:23,(anonymous_1)
FN:25,(anonymous_2)
FN:58,(anonymous_3)
FNF:3
FNH:3
FNDA:7,(anonymous_1)
FNDA:14,(anonymous_2)
FNDA:13,(anonymous_3)
DA:2,1
DA:4,1
DA:13,1
DA:15,1
DA:16,1
DA:18,1
DA:19,1
DA:20,1
DA:21,1
DA:23,1
DA:24,7
DA:25,14
DA:28,7
DA:59,13
DA:84,1
LF:15
LH:15
BRF:0
BRH:0
end_of_record
TN:
SF:src/hooks/redux-hooks.ts
FNF:0
FNH:0
DA:1,1
DA:5,1
DA:6,1
LF:3
LH:3
BRF:0
BRH:0
end_of_record
TN:
SF:src/slices/deckSlice.ts
FN:23,(anonymous_0)
FN:26,(anonymous_1)
FN:29,(anonymous_2)
FN:32,(anonymous_3)
FNF:4
FNH:0
FNDA:0,(anonymous_0)
FNDA:0,(anonymous_1)
FNDA:0,(anonymous_2)
FNDA:0,(anonymous_3)
DA:1,1
DA:11,1
DA:19,1
DA:24,0
DA:27,0
DA:30,0
DA:33,0
DA:38,1
DA:40,1
LF:9
LH:5
BRF:0
BRH:0
end_of_record
TN:
SF:src/testing/_mocking_/fileMock.ts
FNF:0
FNH:0
DA:1,2
LF:1
LH:1
BRF:0
BRH:0
end_of_record
